<?xml version="1.0" encoding="UTF-8"?>
<testng-results ignored="0" total="1" passed="0" failed="1" skipped="0">
  <reporter-output>
  </reporter-output>
  <suite started-at="2021-07-19T16:58:42 IST" name="Default suite" finished-at="2021-07-19T16:59:20 IST" duration-ms="37876">
    <groups>
    </groups>
    <test started-at="2021-07-19T16:58:42 IST" name="Default test" finished-at="2021-07-19T16:59:20 IST" duration-ms="37876">
      <class name="com.aabeauty.qa.testcases.ConfirmationPageTest">
        <test-method is-config="true" signature="setup()[pri:0, instance:com.aabeauty.qa.testcases.ConfirmationPageTest@693fe6c9]" started-at="2021-07-19T16:58:42 IST" name="setup" finished-at="2021-07-19T16:58:48 IST" duration-ms="6221" status="PASS">
          <reporter-output>
          </reporter-output>
        </test-method> <!-- setup -->
        <test-method signature="validateOrderSuccessStatus()[pri:9, instance:com.aabeauty.qa.testcases.ConfirmationPageTest@693fe6c9]" started-at="2021-07-19T16:58:48 IST" name="validateOrderSuccessStatus" finished-at="2021-07-19T16:59:19 IST" duration-ms="30941" status="FAIL">
          <exception class="java.lang.NullPointerException">
            <message>
              <![CDATA[Cannot invoke "org.openqa.selenium.WebElement.click()" because "element" is null]]>
            </message>
            <full-stacktrace>
              <![CDATA[java.lang.NullPointerException: Cannot invoke "org.openqa.selenium.WebElement.click()" because "element" is null
at com.aabeauty.qa.util.TestUtil.doClick(TestUtil.java:73)
at com.aabeauty.qa.pages.CheckoutPage.selectCreditCardTab(CheckoutPage.java:56)
at com.aabeauty.qa.testcases.ConfirmationPageTest.validateOrderSuccessStatus(ConfirmationPageTest.java:24)
at java.base/jdk.internal.reflect.NativeMethodAccessorImpl.invoke0(Native Method)
at java.base/jdk.internal.reflect.NativeMethodAccessorImpl.invoke(NativeMethodAccessorImpl.java:64)
at java.base/jdk.internal.reflect.DelegatingMethodAccessorImpl.invoke(DelegatingMethodAccessorImpl.java:43)
at java.base/java.lang.reflect.Method.invoke(Method.java:564)
at org.testng.internal.MethodInvocationHelper.invokeMethod(MethodInvocationHelper.java:133)
at org.testng.internal.TestInvoker.invokeMethod(TestInvoker.java:598)
at org.testng.internal.TestInvoker.invokeTestMethod(TestInvoker.java:173)
at org.testng.internal.MethodRunner.runInSequence(MethodRunner.java:46)
at org.testng.internal.TestInvoker$MethodInvocationAgent.invoke(TestInvoker.java:824)
at org.testng.internal.TestInvoker.invokeTestMethods(TestInvoker.java:146)
at org.testng.internal.TestMethodWorker.invokeTestMethods(TestMethodWorker.java:146)
at org.testng.internal.TestMethodWorker.run(TestMethodWorker.java:128)
at java.base/java.util.ArrayList.forEach(ArrayList.java:1511)
at org.testng.TestRunner.privateRun(TestRunner.java:794)
at org.testng.TestRunner.run(TestRunner.java:596)
at org.testng.SuiteRunner.runTest(SuiteRunner.java:377)
at org.testng.SuiteRunner.runSequentially(SuiteRunner.java:371)
at org.testng.SuiteRunner.privateRun(SuiteRunner.java:332)
at org.testng.SuiteRunner.run(SuiteRunner.java:276)
at org.testng.SuiteRunnerWorker.runSuite(SuiteRunnerWorker.java:53)
at org.testng.SuiteRunnerWorker.run(SuiteRunnerWorker.java:96)
at org.testng.TestNG.runSuitesSequentially(TestNG.java:1212)
at org.testng.TestNG.runSuitesLocally(TestNG.java:1134)
at org.testng.TestNG.runSuites(TestNG.java:1063)
at org.testng.TestNG.run(TestNG.java:1031)
at org.testng.remote.AbstractRemoteTestNG.run(AbstractRemoteTestNG.java:115)
at org.testng.remote.RemoteTestNG.initAndRun(RemoteTestNG.java:251)
at org.testng.remote.RemoteTestNG.main(RemoteTestNG.java:77)
]]>
            </full-stacktrace>
          </exception> <!-- java.lang.NullPointerException -->
          <reporter-output>
          </reporter-output>
        </test-method> <!-- validateOrderSuccessStatus -->
        <test-method is-config="true" signature="tearDown()[pri:0, instance:com.aabeauty.qa.testcases.ConfirmationPageTest@693fe6c9]" started-at="2021-07-19T16:59:19 IST" name="tearDown" finished-at="2021-07-19T16:59:20 IST" duration-ms="677" status="PASS">
          <reporter-output>
          </reporter-output>
        </test-method> <!-- tearDown -->
      </class> <!-- com.aabeauty.qa.testcases.ConfirmationPageTest -->
    </test> <!-- Default test -->
  </suite> <!-- Default suite -->
</testng-results>
